<ol start="3">
<li>
<a href="#h3">First Header</a>
<ol>
<li>
<a href="#h3_1">Second Header</a>
</li>
<li>
<a href="#h3_2">Third Header</a>
</li>
</ol>
</li>
<li>
<a href="#h4">Fourth Header</a>
</li>
<li>
<a href="#h5">Fifth Header</a>
<ol>
<li>
<a href="#h5_1">Sixth Header</a>
<ol>
<li>
<a href="#h5_1_1">Seventh Header</a>
<ol>
<li>
<a href="#h5_1_1_1">Eighth Header</a>
<ol>
<li>
<a href="#h5_1_1_1_1">Ninth Header</a>
<ol>
<li>
<a href="#h5_1_1_1_1_1">Tenth Header</a>
</li>
</ol>
</li>
</ol>
</li>
</ol>
</li>
</ol>
</li>
<li>
<a href="#h5_2">Eleventh Header</a>
<ol>
<li>
<a href="#h5_2_1">Twelfth Header</a>
</li>
<li>
<a href="#h5_2_2">Thirteenth Header</a>
</li>
</ol>
</li>
</ol>
</li>
<li>
<a href="#h6">Fourteenth Header</a>
<ol>
<li>
<a href="#h6_1">Fifteenth Header</a>
</li>
</ol></li></ol>

<h1 id="h3"><span class="heading-num">3</span>First Header</h1>
<h2 id="h3_1"><span class="heading-num">3.1</span>Second Header</h2>
<h2 id="h3_2"><span class="heading-num">3.2</span>Third Header</h2>

<h1 id="h4"><span class="heading-num">4</span>Fourth Header</h1>

<h1 id="h5"><span class="heading-num">5</span>Fifth Header</h1>
<h2 id="h5_1"><span class="heading-num">5.1</span>Sixth Header</h2>
<h3 id="h5_1_1"><span class="heading-num">5.1.1</span>Seventh Header</h3>
<h4 id="h5_1_1_1"><span class="heading-num">5.1.1.1</span>Eighth Header</h4>
<h5 id="h5_1_1_1_1"><span class="heading-num">5.1.1.1.1</span>Ninth Header</h5>
<h6 id="h5_1_1_1_1_1"><span class="heading-num">5.1.1.1.1.1</span>Tenth Header</h6>

<h2 id="h5_2"><span class="heading-num">5.2</span>Eleventh Header</h2>
<h3 id="h5_2_1"><span class="heading-num">5.2.1</span>Twelfth Header</h3>
<h3 id="h5_2_2"><span class="heading-num">5.2.2</span>Thirteenth Header</h3>

<h1 id="h6"><span class="heading-num">6</span>Fourteenth Header</h1>
<h2 id="h6_1"><span class="heading-num">6.1</span>Fifteenth Header</h2>
